<?xml version="1.0" encoding="UTF-8" ?>
<testsuite tests="1" failures="0" name="test_runners.FlightsBookingTest" time="86.835" errors="1" skipped="0">
  <properties>
    <property name="java.runtime.name" value="Java(TM) SE Runtime Environment"/>
    <property name="sun.boot.library.path" value="C:\Program Files\Java\jdk1.8.0_251\jre\bin"/>
    <property name="java.vm.version" value="25.251-b08"/>
    <property name="java.vm.vendor" value="Oracle Corporation"/>
    <property name="maven.multiModuleProjectDirectory" value="C:\Users\navee\eclipse-workspace\RyanairTest"/>
    <property name="java.vendor.url" value="http://java.oracle.com/"/>
    <property name="path.separator" value=";"/>
    <property name="guice.disable.misplaced.annotation.check" value="true"/>
    <property name="java.vm.name" value="Java HotSpot(TM) 64-Bit Server VM"/>
    <property name="file.encoding.pkg" value="sun.io"/>
    <property name="user.script" value=""/>
    <property name="user.country" value="IE"/>
    <property name="sun.java.launcher" value="SUN_STANDARD"/>
    <property name="sun.os.patch.level" value=""/>
    <property name="java.vm.specification.name" value="Java Virtual Machine Specification"/>
    <property name="user.dir" value="C:\Users\navee\eclipse-workspace\RyanairTest"/>
    <property name="java.runtime.version" value="1.8.0_251-b08"/>
    <property name="java.awt.graphicsenv" value="sun.awt.Win32GraphicsEnvironment"/>
    <property name="java.endorsed.dirs" value="C:\Program Files\Java\jdk1.8.0_251\jre\lib\endorsed"/>
    <property name="os.arch" value="amd64"/>
    <property name="java.io.tmpdir" value="C:\Users\navee\AppData\Local\Temp\"/>
    <property name="line.separator" value="
"/>
    <property name="java.vm.specification.vendor" value="Oracle Corporation"/>
    <property name="user.variant" value=""/>
    <property name="os.name" value="Windows 10"/>
    <property name="classworlds.conf" value="C:\Users\navee\eclipse-workspace\.metadata\.plugins\org.eclipse.m2e.launching\launches\m2conf4864672937141419666.tmp"/>
    <property name="sun.jnu.encoding" value="Cp1252"/>
    <property name="java.library.path" value="C:\Program Files\Java\jdk1.8.0_251\bin;C:\WINDOWS\Sun\Java\bin;C:\WINDOWS\system32;C:\WINDOWS;C:/Program Files/Java/jre1.8.0_251/bin/server;C:/Program Files/Java/jre1.8.0_251/bin;C:/Program Files/Java/jre1.8.0_251/lib/amd64;C:\Program Files (x86)\Common Files\Oracle\Java\javapath;C:\WINDOWS\system32;C:\WINDOWS;C:\WINDOWS\System32\Wbem;C:\WINDOWS\System32\WindowsPowerShell\v1.0\;C:\WINDOWS\System32\OpenSSH\;C:\Program Files\dotnet\;C:\Program Files\Microsoft SQL Server\130\Tools\Binn\;C:\Program Files\Microsoft SQL Server\Client SDK\ODBC\170\Tools\Binn\;C:\Program Files\Git\cmd;C:\Users\navee\apache-maven-3.6.3\bin;C:\Users\navee\Downloads\allure-2.13.9\allure-2.13.9\bin;;C:\Program Files\Docker\Docker\resources\bin;C:\ProgramData\DockerDesktop\version-bin;C:\Dwimperl\perl\bin;C:\Dwimperl\perl\site\bin;C:\Dwimperl\c\bin;C:\Program Files\MySQL\MySQL Shell 8.0\bin\;C:\Users\navee\AppData\Local\Programs\Python\Python36\Scripts\;C:\Users\navee\AppData\Local\Programs\Python\Python36\;C:\Users\navee\AppData\Local\Microsoft\WindowsApps;;C:\Users\Administrator\Ubuntu;C:\Users\navee\AppData\Local\Programs\Microsoft VS Code\bin;C:\WINDOWS\system32;;."/>
    <property name="java.specification.name" value="Java Platform API Specification"/>
    <property name="java.class.version" value="52.0"/>
    <property name="sun.management.compiler" value="HotSpot 64-Bit Tiered Compilers"/>
    <property name="os.version" value="10.0"/>
    <property name="user.home" value="C:\Users\navee"/>
    <property name="user.timezone" value="Europe/London"/>
    <property name="java.awt.printerjob" value="sun.awt.windows.WPrinterJob"/>
    <property name="java.specification.version" value="1.8"/>
    <property name="file.encoding" value="Cp1252"/>
    <property name="user.name" value="navee"/>
    <property name="java.class.path" value="C:\Users\navee\.p2\pool\plugins\org.eclipse.m2e.maven.runtime_1.15.0.20200310-1832\jars\plexus-classworlds-2.6.0.jar"/>
    <property name="java.vm.specification.version" value="1.8"/>
    <property name="sun.arch.data.model" value="64"/>
    <property name="java.home" value="C:\Program Files\Java\jdk1.8.0_251\jre"/>
    <property name="sun.java.command" value="org.codehaus.plexus.classworlds.launcher.Launcher -B test"/>
    <property name="java.specification.vendor" value="Oracle Corporation"/>
    <property name="user.language" value="en"/>
    <property name="awt.toolkit" value="sun.awt.windows.WToolkit"/>
    <property name="java.vm.info" value="mixed mode"/>
    <property name="java.version" value="1.8.0_251"/>
    <property name="java.ext.dirs" value="C:\Program Files\Java\jdk1.8.0_251\jre\lib\ext;C:\WINDOWS\Sun\Java\lib\ext"/>
    <property name="sun.boot.class.path" value="C:\Program Files\Java\jdk1.8.0_251\jre\lib\resources.jar;C:\Program Files\Java\jdk1.8.0_251\jre\lib\rt.jar;C:\Program Files\Java\jdk1.8.0_251\jre\lib\sunrsasign.jar;C:\Program Files\Java\jdk1.8.0_251\jre\lib\jsse.jar;C:\Program Files\Java\jdk1.8.0_251\jre\lib\jce.jar;C:\Program Files\Java\jdk1.8.0_251\jre\lib\charsets.jar;C:\Program Files\Java\jdk1.8.0_251\jre\lib\jfr.jar;C:\Program Files\Java\jdk1.8.0_251\jre\classes"/>
    <property name="java.vendor" value="Oracle Corporation"/>
    <property name="maven.home" value="C:\Users\navee\eclipse-workspace\RyanairTest\EMBEDDED"/>
    <property name="file.separator" value="\"/>
    <property name="java.vendor.url.bug" value="http://bugreport.sun.com/bugreport/"/>
    <property name="sun.cpu.endian" value="little"/>
    <property name="sun.io.unicode.encoding" value="UnicodeLittle"/>
    <property name="sun.desktop" value="windows"/>
    <property name="sun.cpu.isalist" value="amd64"/>
  </properties>
  <testcase classname="Booking a flight on www.ryanair.com" name="Booking up to a declined payment on" time="86.835">
    <error message="no such element: Unable to locate element: {&quot;method&quot;:&quot;xpath&quot;,&quot;selector&quot;:&quot;//div[@data-id=&apos;2021-06-12&apos;]&quot;}
  (Session info: chrome=90.0.4430.212)
  (Driver info: chromedriver=2.40.565498 (ea082db3280dd6843ebfb08a625e3eb905c4f5ab),platform=Windows NT 10.0.19042 x86_64) (WARNING: The server did not provide any stacktrace information)
Command duration or timeout: 0 milliseconds
For documentation on this error, please visit: http://seleniumhq.org/exceptions/no_such_element.html
Build info: version: &apos;3.8.1&apos;, revision: &apos;6e95a6684b&apos;, time: &apos;2017-12-01T18:33:54.468Z&apos;
System info: host: &apos;LAPTOP-M4N4JHAP&apos;, ip: &apos;172.24.0.1&apos;, os.name: &apos;Windows 10&apos;, os.arch: &apos;amd64&apos;, os.version: &apos;10.0&apos;, java.version: &apos;1.8.0_251&apos;
Driver info: org.openqa.selenium.chrome.ChromeDriver
Capabilities {acceptInsecureCerts: false, acceptSslCerts: false, applicationCacheEnabled: false, browserConnectionEnabled: false, browserName: chrome, chrome: {chromedriverVersion: 2.40.565498 (ea082db3280dd6..., userDataDir: C:\Users\navee\AppData\Loca...}, cssSelectorsEnabled: true, databaseEnabled: false, handlesAlerts: true, hasTouchScreen: false, javascriptEnabled: true, locationContextEnabled: true, mobileEmulationEnabled: false, nativeEvents: true, networkConnectionEnabled: false, pageLoadStrategy: normal, platform: XP, platformName: XP, rotatable: false, setWindowRect: true, takesHeapSnapshot: true, takesScreenshot: true, unexpectedAlertBehaviour: , unhandledPromptBehavior: , version: 90.0.4430.212, webStorageEnabled: true}
Session ID: 3156cf39b12d23369aa8d7eb4e58f6f7
*** Element info: {Using=xpath, value=//div[@data-id=&apos;2021-06-12&apos;]}" type="org.openqa.selenium.NoSuchElementException">org.openqa.selenium.NoSuchElementException: no such element: Unable to locate element: {&quot;method&quot;:&quot;xpath&quot;,&quot;selector&quot;:&quot;//div[@data-id=&apos;2021-06-12&apos;]&quot;}
  (Session info: chrome=90.0.4430.212)
  (Driver info: chromedriver=2.40.565498 (ea082db3280dd6843ebfb08a625e3eb905c4f5ab),platform=Windows NT 10.0.19042 x86_64) (WARNING: The server did not provide any stacktrace information)
Command duration or timeout: 0 milliseconds
For documentation on this error, please visit: http://seleniumhq.org/exceptions/no_such_element.html
Build info: version: &apos;3.8.1&apos;, revision: &apos;6e95a6684b&apos;, time: &apos;2017-12-01T18:33:54.468Z&apos;
System info: host: &apos;LAPTOP-M4N4JHAP&apos;, ip: &apos;172.24.0.1&apos;, os.name: &apos;Windows 10&apos;, os.arch: &apos;amd64&apos;, os.version: &apos;10.0&apos;, java.version: &apos;1.8.0_251&apos;
Driver info: org.openqa.selenium.chrome.ChromeDriver
Capabilities {acceptInsecureCerts: false, acceptSslCerts: false, applicationCacheEnabled: false, browserConnectionEnabled: false, browserName: chrome, chrome: {chromedriverVersion: 2.40.565498 (ea082db3280dd6..., userDataDir: C:\Users\navee\AppData\Loca...}, cssSelectorsEnabled: true, databaseEnabled: false, handlesAlerts: true, hasTouchScreen: false, javascriptEnabled: true, locationContextEnabled: true, mobileEmulationEnabled: false, nativeEvents: true, networkConnectionEnabled: false, pageLoadStrategy: normal, platform: XP, platformName: XP, rotatable: false, setWindowRect: true, takesHeapSnapshot: true, takesScreenshot: true, unexpectedAlertBehaviour: , unhandledPromptBehavior: , version: 90.0.4430.212, webStorageEnabled: true}
Session ID: 3156cf39b12d23369aa8d7eb4e58f6f7
*** Element info: {Using=xpath, value=//div[@data-id=&apos;2021-06-12&apos;]}
	at sun.reflect.NativeConstructorAccessorImpl.newInstance0(Native Method)
	at sun.reflect.NativeConstructorAccessorImpl.newInstance(NativeConstructorAccessorImpl.java:62)
	at sun.reflect.DelegatingConstructorAccessorImpl.newInstance(DelegatingConstructorAccessorImpl.java:45)
	at java.lang.reflect.Constructor.newInstance(Constructor.java:423)
	at org.openqa.selenium.remote.ErrorHandler.createThrowable(ErrorHandler.java:214)
	at org.openqa.selenium.remote.ErrorHandler.throwIfResponseFailed(ErrorHandler.java:166)
	at org.openqa.selenium.remote.http.JsonHttpResponseCodec.reconstructValue(JsonHttpResponseCodec.java:40)
	at org.openqa.selenium.remote.http.AbstractHttpResponseCodec.decode(AbstractHttpResponseCodec.java:80)
	at org.openqa.selenium.remote.http.AbstractHttpResponseCodec.decode(AbstractHttpResponseCodec.java:44)
	at org.openqa.selenium.remote.HttpCommandExecutor.execute(HttpCommandExecutor.java:164)
	at org.openqa.selenium.remote.service.DriverCommandExecutor.execute(DriverCommandExecutor.java:83)
	at org.openqa.selenium.remote.RemoteWebDriver.execute(RemoteWebDriver.java:601)
	at org.openqa.selenium.remote.RemoteWebDriver.findElement(RemoteWebDriver.java:371)
	at org.openqa.selenium.remote.RemoteWebDriver.findElementByXPath(RemoteWebDriver.java:473)
	at org.openqa.selenium.By$ByXPath.findElement(By.java:361)
	at org.openqa.selenium.remote.RemoteWebDriver.findElement(RemoteWebDriver.java:363)
	at org.openqa.selenium.support.pagefactory.DefaultElementLocator.findElement(DefaultElementLocator.java:69)
	at org.openqa.selenium.support.pagefactory.internal.LocatingElementHandler.invoke(LocatingElementHandler.java:38)
	at com.sun.proxy.$Proxy16.click(Unknown Source)
	at pages.FlightsSearchPage.fillFlyOutDay(FlightsSearchPage.java:66)
	at steps.FlightsSearchPageSteps.iEnterAirportDetails(FlightsSearchPageSteps.java:27)
	at steps.FlightsSearchPageSteps.iMakeFlightSearch(FlightsSearchPageSteps.java:45)
	at âœ½.I make a search for booking from &apos;Dublin&apos; to &apos;Manchester&apos;  for 2 adults(src/test/resources/features/flightsBooking.feature:10)
</error>
    <system-out>16:10:03 INFO  LogUtils.logInfo - ----------------------------Starting the test----------------------------------------------
@flights_booking
Feature: Booking a flight on www.ryanair.com
	As a user
	I want to be able to book a flight
	On www.ryanair.com

  @flights_booking
  Scenario: Booking up to a declined payment on                                  &amp;#27;[90m# src/test/resources/features/flightsBooking.feature:7&amp;#27;[0m
16:10:13 DEBUG LogUtils.logDebug - Chrome driver is created
16:10:30 INFO  LogUtils.logInfo - I&apos;m on &apos;https://www.ryanair.com/ie/en&apos; page
    &amp;#27;[32mGiven &amp;#27;[0m&amp;#27;[32mI am on main page&amp;#27;[0m                                                      &amp;#27;[90m# BasePageSteps.iAmOnMainPage()&amp;#27;[0m
16:10:30 INFO  LogUtils.logInfo - Click Allow
16:10:30 INFO  LogUtils.logInfo - Click &apos;Log in&apos; 
16:10:31 INFO  LogUtils.logInfo - Fill &apos;Email address&apos; with &apos;naveenbanagani401@gmail.com&apos;
16:10:47 INFO  LogUtils.logInfo - Fill &apos;Password&apos; with &apos;***********&apos;
16:10:49 INFO  LogUtils.logInfo - Click &apos;Log in&apos; button
    &amp;#27;[32mAnd &amp;#27;[0m&amp;#27;[32mI log in to personal account&amp;#27;[0m                                             &amp;#27;[90m# LoginPageSteps.iLogInToPersonalAccount()&amp;#27;[0m
16:10:50 INFO  LogUtils.logInfo - Click &apos;One Way&apos; trip
16:10:51 INFO  LogUtils.logInfo - Fill departure airport &apos;Dublin&apos;
16:10:52 INFO  LogUtils.logInfo - Fill destination airport &apos;Manchester&apos;
    &amp;#27;[31mWhen &amp;#27;[0m&amp;#27;[31mI make a search for booking from &apos;&amp;#27;[0m&amp;#27;[31m&amp;#27;[1mDublin&amp;#27;[0m&amp;#27;[31m&apos; to &apos;&amp;#27;[0m&amp;#27;[31m&amp;#27;[1mManchester&amp;#27;[0m&amp;#27;[31m&apos;  for 2 adults&amp;#27;[0m &amp;#27;[90m# FlightsSearchPageSteps.iMakeFlightSearch(String,String)&amp;#27;[0m
      &amp;#27;[31morg.openqa.selenium.NoSuchElementException: no such element: Unable to locate element: {&quot;method&quot;:&quot;xpath&quot;,&quot;selector&quot;:&quot;//div[@data-id=&apos;2021-06-12&apos;]&quot;}
  (Session info: chrome=90.0.4430.212)
  (Driver info: chromedriver=2.40.565498 (ea082db3280dd6843ebfb08a625e3eb905c4f5ab),platform=Windows NT 10.0.19042 x86_64) (WARNING: The server did not provide any stacktrace information)
Command duration or timeout: 0 milliseconds
For documentation on this error, please visit: http://seleniumhq.org/exceptions/no_such_element.html
Build info: version: &apos;3.8.1&apos;, revision: &apos;6e95a6684b&apos;, time: &apos;2017-12-01T18:33:54.468Z&apos;
System info: host: &apos;LAPTOP-M4N4JHAP&apos;, ip: &apos;172.24.0.1&apos;, os.name: &apos;Windows 10&apos;, os.arch: &apos;amd64&apos;, os.version: &apos;10.0&apos;, java.version: &apos;1.8.0_251&apos;
Driver info: org.openqa.selenium.chrome.ChromeDriver
Capabilities {acceptInsecureCerts: false, acceptSslCerts: false, applicationCacheEnabled: false, browserConnectionEnabled: false, browserName: chrome, chrome: {chromedriverVersion: 2.40.565498 (ea082db3280dd6..., userDataDir: C:\Users\navee\AppData\Loca...}, cssSelectorsEnabled: true, databaseEnabled: false, handlesAlerts: true, hasTouchScreen: false, javascriptEnabled: true, locationContextEnabled: true, mobileEmulationEnabled: false, nativeEvents: true, networkConnectionEnabled: false, pageLoadStrategy: normal, platform: XP, platformName: XP, rotatable: false, setWindowRect: true, takesHeapSnapshot: true, takesScreenshot: true, unexpectedAlertBehaviour: , unhandledPromptBehavior: , version: 90.0.4430.212, webStorageEnabled: true}
Session ID: 3156cf39b12d23369aa8d7eb4e58f6f7
*** Element info: {Using=xpath, value=//div[@data-id=&apos;2021-06-12&apos;]}
	at sun.reflect.NativeConstructorAccessorImpl.newInstance0(Native Method)
	at sun.reflect.NativeConstructorAccessorImpl.newInstance(NativeConstructorAccessorImpl.java:62)
	at sun.reflect.DelegatingConstructorAccessorImpl.newInstance(DelegatingConstructorAccessorImpl.java:45)
	at java.lang.reflect.Constructor.newInstance(Constructor.java:423)
	at org.openqa.selenium.remote.ErrorHandler.createThrowable(ErrorHandler.java:214)
	at org.openqa.selenium.remote.ErrorHandler.throwIfResponseFailed(ErrorHandler.java:166)
	at org.openqa.selenium.remote.http.JsonHttpResponseCodec.reconstructValue(JsonHttpResponseCodec.java:40)
	at org.openqa.selenium.remote.http.AbstractHttpResponseCodec.decode(AbstractHttpResponseCodec.java:80)
	at org.openqa.selenium.remote.http.AbstractHttpResponseCodec.decode(AbstractHttpResponseCodec.java:44)
	at org.openqa.selenium.remote.HttpCommandExecutor.execute(HttpCommandExecutor.java:164)
	at org.openqa.selenium.remote.service.DriverCommandExecutor.execute(DriverCommandExecutor.java:83)
	at org.openqa.selenium.remote.RemoteWebDriver.execute(RemoteWebDriver.java:601)
	at org.openqa.selenium.remote.RemoteWebDriver.findElement(RemoteWebDriver.java:371)
	at org.openqa.selenium.remote.RemoteWebDriver.findElementByXPath(RemoteWebDriver.java:473)
	at org.openqa.selenium.By$ByXPath.findElement(By.java:361)
	at org.openqa.selenium.remote.RemoteWebDriver.findElement(RemoteWebDriver.java:363)
	at org.openqa.selenium.support.pagefactory.DefaultElementLocator.findElement(DefaultElementLocator.java:69)
	at org.openqa.selenium.support.pagefactory.internal.LocatingElementHandler.invoke(LocatingElementHandler.java:38)
	at com.sun.proxy.$Proxy16.click(Unknown Source)
	at pages.FlightsSearchPage.fillFlyOutDay(FlightsSearchPage.java:66)
	at steps.FlightsSearchPageSteps.iEnterAirportDetails(FlightsSearchPageSteps.java:27)
	at steps.FlightsSearchPageSteps.iMakeFlightSearch(FlightsSearchPageSteps.java:45)
	at ?.I make a search for booking from &apos;Dublin&apos; to &apos;Manchester&apos;  for 2 adults(src/test/resources/features/flightsBooking.feature:10)
&amp;#27;[0m
    &amp;#27;[36mAnd &amp;#27;[0m&amp;#27;[36mI book available flight&amp;#27;[0m                                                  &amp;#27;[90m# FlightsBookingPageSteps.iBookFlight()&amp;#27;[0m
    &amp;#27;[36mAnd &amp;#27;[0m&amp;#27;[36mI fill in adult passenger details Mr &apos;&amp;#27;[0m&amp;#27;[36m&amp;#27;[1mNaveen&amp;#27;[0m&amp;#27;[36m&apos; and &apos;&amp;#27;[0m&amp;#27;[36m&amp;#27;[1mBanagani&amp;#27;[0m&amp;#27;[36m&apos;&amp;#27;[0m             &amp;#27;[90m# FlightsBookingPageSteps.iFillInAdultPassengerDetails(String,String)&amp;#27;[0m
    &amp;#27;[36mAnd &amp;#27;[0m&amp;#27;[36mI fill in second adult passenger details Mr &apos;&amp;#27;[0m&amp;#27;[36m&amp;#27;[1mRya&amp;#27;[0m&amp;#27;[36m&apos; and &apos;&amp;#27;[0m&amp;#27;[36m&amp;#27;[1mNair&amp;#27;[0m&amp;#27;[36m&apos;&amp;#27;[0m             &amp;#27;[90m# FlightsBookingPageSteps.iFillInSecondAdultPassengerDetails(String,String)&amp;#27;[0m
    &amp;#27;[36mAnd &amp;#27;[0m&amp;#27;[36mI fill in child passenger details &apos;&amp;#27;[0m&amp;#27;[36m&amp;#27;[1mMark&amp;#27;[0m&amp;#27;[36m&apos; and &apos;&amp;#27;[0m&amp;#27;[36m&amp;#27;[1mSmith&amp;#27;[0m&amp;#27;[36m&apos;&amp;#27;[0m                     &amp;#27;[90m# FlightsBookingPageSteps.iFillInChildPassengerDetails(String,String)&amp;#27;[0m
    &amp;#27;[36mAnd &amp;#27;[0m&amp;#27;[36mI select seats for passengers&amp;#27;[0m                                            &amp;#27;[90m# FlightsBookingSeatsSelectionPageSteps.iSelectSeatsForPassengers()&amp;#27;[0m
    &amp;#27;[36mAnd &amp;#27;[0m&amp;#27;[36mI checkout my booking&amp;#27;[0m                                                    &amp;#27;[90m# FlightsBookingExtrasPageSteps.iCheckoutMyBooking()&amp;#27;[0m
    &amp;#27;[36mAnd &amp;#27;[0m&amp;#27;[36mI fill in contact details phone number &apos;&amp;#27;[0m&amp;#27;[36m&amp;#27;[1m678678678&amp;#27;[0m&amp;#27;[36m&apos;&amp;#27;[0m                       &amp;#27;[90m# FlightsBookingPaymentPageSteps.iFillInContactDetails(String)&amp;#27;[0m
    &amp;#27;[36mAnd &amp;#27;[0m&amp;#27;[36mI fill in card details &apos;&amp;#27;[0m&amp;#27;[36m&amp;#27;[1m5555555555555557&amp;#27;[0m&amp;#27;[36m&apos;, &apos;&amp;#27;[0m&amp;#27;[36m&amp;#27;[1m267&amp;#27;[0m&amp;#27;[36m&apos; and &apos;&amp;#27;[0m&amp;#27;[36m&amp;#27;[1mNaveen Banagani&amp;#27;[0m&amp;#27;[36m&apos;&amp;#27;[0m   &amp;#27;[90m# FlightsBookingPaymentPageSteps.iFillInCardDetailsVisaAndJohnSmith(String,String,String)&amp;#27;[0m
    &amp;#27;[36mAnd &amp;#27;[0m&amp;#27;[36mI fill in billing address details &apos;&amp;#27;[0m&amp;#27;[36m&amp;#27;[1m24 Newtons street&amp;#27;[0m&amp;#27;[36m&apos; and city &apos;&amp;#27;[0m&amp;#27;[36m&amp;#27;[1mGalway&amp;#27;[0m&amp;#27;[36m&apos;&amp;#27;[0m  &amp;#27;[90m# FlightsBookingPaymentPageSteps.iFillInBillingAddressDetails(String,String)&amp;#27;[0m
    &amp;#27;[36mAnd &amp;#27;[0m&amp;#27;[36mI pay for booking&amp;#27;[0m                                                        &amp;#27;[90m# FlightsBookingPaymentPageSteps.iPayForBooking()&amp;#27;[0m
    &amp;#27;[36mThen &amp;#27;[0m&amp;#27;[36mI should get payment declined message&amp;#27;[0m                                   &amp;#27;[90m# FlightsBookingPaymentPageSteps.iGetPaymentDeclinedMessage()&amp;#27;[0m
</system-out>
    <system-err>Starting ChromeDriver 2.40.565498 (ea082db3280dd6843ebfb08a625e3eb905c4f5ab) on port 23633
Only local connections are allowed.
[1622646610.631][WARNING]: Timed out connecting to Chrome, retrying...
Jun 02, 2021 4:10:13 PM org.openqa.selenium.remote.ProtocolHandshake createSession
INFO: Detected dialect: OSS
[1622646615.161][WARNING]: Timed out connecting to Chrome, retrying...
</system-err>
  </testcase>
</testsuite>