<?xml version="1.0" encoding="UTF-8" ?>
<testsuite tests="1" failures="0" name="test_runners.FlightsBookingTest" time="86.835" errors="1" skipped="0">
  <properties>
[...]
</properties>
  <testcase classname="Booking a flight on www.ryanair.com" name="Booking up to a declined payment on" time="86.835">
    <error message="no such element: Unable to locate element: {&quot;method&quot;:&quot;xpath&quot;,&quot;selector&quot;:&quot;//div[@data-id=&apos;2021-06-12&apos;]&quot;}
  (Session info: chrome=90.0.4430.212)
  (Driver info: chromedriver=2.40.565498 (ea082db3280dd6843ebfb08a625e3eb905c4f5ab),platform=Windows NT 10.0.19042 x86_64) (WARNING: The server did not provide any stacktrace information)
Command duration or timeout: 0 milliseconds
For documentation on this error, please visit: http://seleniumhq.org/exceptions/no_such_element.html
Build info: version: &apos;3.8.1&apos;, revision: &apos;6e95a6684b&apos;, time: &apos;2017-12-01T18:33:54.468Z&apos;
System info: host: &apos;LAPTOP-M4N4JHAP&apos;, ip: &apos;172.24.0.1&apos;, os.name: &apos;Windows 10&apos;, os.arch: &apos;amd64&apos;, os.version: &apos;10.0&apos;, java.version: &apos;1.8.0_251&apos;
Driver info: org.openqa.selenium.chrome.ChromeDriver
Capabilities {acceptInsecureCerts: false, acceptSslCerts: false, applicationCacheEnabled: false, browserConnectionEnabled: false, browserName: chrome, chrome: {chromedriverVersion: 2.40.565498 (ea082db3280dd6..., userDataDir: C:\Users\navee\AppData\Loca...}, cssSelectorsEnabled: true, databaseEnabled: false, handlesAlerts: true, hasTouchScreen: false, javascriptEnabled: true, locationContextEnabled: true, mobileEmulationEnabled: false, nativeEvents: true, networkConnectionEnabled: false, pageLoadStrategy: normal, platform: XP, platformName: XP, rotatable: false, setWindowRect: true, takesHeapSnapshot: true, takesScreenshot: true, unexpectedAlertBehaviour: , unhandledPromptBehavior: , version: 90.0.4430.212, webStorageEnabled: true}
Session ID: 3156cf39b12d23369aa8d7eb4e58f6f7
*** Element info: {Using=xpath, value=//div[@data-id=&apos;2021-06-12&apos;]}" type="org.openqa.selenium.NoSuchElementException">org.openqa.selenium.NoSuchElementException: no such element: Unable to locate element: {&quot;method&quot;:&quot;xpath&quot;,&quot;selector&quot;:&quot;//div[@data-id=&apos;2021-06-12&apos;]&quot;}
  (Session info: chrome=90.0.4430.212)
  (Driver info: chromedriver=2.40.565498 (ea082db3280dd6843ebfb08a625e3eb905c4f5ab),platform=Windows NT 10.0.19042 x86_64) (WARNING: The server did not provide any stacktrace information)
Command duration or timeout: 0 milliseconds
For documentation on this error, please visit: http://seleniumhq.org/exceptions/no_such_element.html
Build info: version: &apos;3.8.1&apos;, revision: &apos;6e95a6684b&apos;, time: &apos;2017-12-01T18:33:54.468Z&apos;
System info: host: &apos;LAPTOP-M4N4JHAP&apos;, ip: &apos;172.24.0.1&apos;, os.name: &apos;Windows 10&apos;, os.arch: &apos;amd64&apos;, os.version: &apos;10.0&apos;, java.version: &apos;1.8.0_251&apos;
Driver info: org.openqa.selenium.chrome.ChromeDriver
Capabilities {acceptInsecureCerts: false, acceptSslCerts: false, applicationCacheEnabled: false, browserConnectionEnabled: false, browserName: chrome, chrome: {chromedriverVersion: 2.40.565498 (ea082db3280dd6..., userDataDir: C:\Users\navee\AppData\Loca...}, cssSelectorsEnabled: true, databaseEnabled: false, handlesAlerts: true, hasTouchScreen: false, javascriptEnabled: true, locationContextEnabled: true, mobileEmulationEnabled: false, nativeEvents: true, networkConnectionEnabled: false, pageLoadStrategy: normal, platform: XP, platformName: XP, rotatable: false, setWindowRect: true, takesHeapSnapshot: true, takesScreenshot: true, unexpectedAlertBehaviour: , unhandledPromptBehavior: , version: 90.0.4430.212, webStorageEnabled: true}
Session ID: 3156cf39b12d23369aa8d7eb4e58f6f7
*** Element info: {Using=xpath, value=//div[@data-id=&apos;2021-06-12&apos;]}
	at sun.reflect.NativeConstructorAccessorImpl.newInstance0(Native Method)
	at sun.reflect.NativeConstructorAccessorImpl.newInstance(NativeConstructorAccessorImpl.java:62)
	at sun.reflect.DelegatingConstructorAccessorImpl.newInstance(DelegatingConstructorAccessorImpl.java:45)
	at java.lang.reflect.Constructor.newInstance(Constructor.java:423)
	at org.openqa.selenium.remote.ErrorHandler.createThrowable(ErrorHandler.java:214)
	at org.openqa.selenium.remote.ErrorHandler.throwIfResponseFailed(ErrorHandler.java:166)
	at org.openqa.selenium.remote.http.JsonHttpResponseCodec.reconstructValue(JsonHttpResponseCodec.java:40)
	at org.openqa.selenium.remote.http.AbstractHttpResponseCodec.decode(AbstractHttpResponseCodec.java:80)
	at org.openqa.selenium.remote.http.AbstractHttpResponseCodec.decode(AbstractHttpResponseCodec.java:44)
	at org.openqa.selenium.remote.HttpCommandExecutor.execute(HttpCommandExecutor.java:164)
	at org.openqa.selenium.remote.service.DriverCommandExecutor.execute(DriverCommandExecutor.java:83)
	at org.openqa.selenium.remote.RemoteWebDriver.execute(RemoteWebDriver.java:601)
	at org.openqa.selenium.remote.RemoteWebDriver.findElement(RemoteWebDriver.java:371)
	at org.openqa.selenium.remote.RemoteWebDriver.findElementByXPath(RemoteWebDriver.java:473)
	at org.openqa.selenium.By$ByXPath.findElement(By.java:361)
	at org.openqa.selenium.remote.RemoteWebDriver.findElement(RemoteWebDriver.java:363)
	at org.openqa.selenium.support.pagefactory.DefaultElementLocator.findElement(DefaultElementLocator.java:69)
	at org.openqa.selenium.support.pagefactory.internal.LocatingElementHandler.invoke(LocatingElementHandler.java:38)
	at com.sun.proxy.$Proxy16.click(Unknown Source)
	at pages.FlightsSearchPage.fillFlyOutDay(FlightsSearchPage.java:66)
	at steps.FlightsSearchPageSteps.iEnterAirportDetails(FlightsSearchPageSteps.java:27)
	at steps.FlightsSearchPageSteps.iMakeFlightSearch(FlightsSearchPageSteps.java:45)
	at ✽.I make a search for booking from &apos;Dublin&apos; to &apos;Manchester&apos;  for 2 adults(src/test/resources/features/flightsBooking.feature:10)
</error>
    <system-out>16:10:03 INFO  LogUtils.logInfo - ----------------------------Starting the test----------------------------------------------
@flights_booking
Feature: Booking a flight on www.ryanair.com
	As a user
	I want to be able to book a flight
	On www.ryanair.com

  @flights_booking
  Scenario: Booking up to a declined payment on                                  &amp;#27;[90m# src/test/resources/features/flightsBooking.feature:7&amp;#27;[0m
16:10:13 DEBUG LogUtils.logDebug - Chrome driver is created
16:10:30 INFO  LogUtils.logInfo - I&apos;m on &apos;https://www.ryanair.com/ie/en&apos; page
    &amp;#27;[32mGiven &amp;#27;[0m&amp;#27;[32mI am on main page&amp;#27;[0m                                                      &amp;#27;[90m# BasePageSteps.iAmOnMainPage()&amp;#27;[0m
16:10:30 INFO  LogUtils.logInfo - Click Allow
16:10:30 INFO  LogUtils.logInfo - Click &apos;Log in&apos; 
16:10:31 INFO  LogUtils.logInfo - Fill &apos;Email address&apos; with &apos;naveenbanagani401@gmail.com&apos;
16:10:47 INFO  LogUtils.logInfo - Fill &apos;Password&apos; with &apos;***********&apos;
16:10:49 INFO  LogUtils.logInfo - Click &apos;Log in&apos; button
    &amp;#27;[32mAnd &amp;#27;[0m&amp;#27;[32mI log in to personal account&amp;#27;[0m                                             &amp;#27;[90m# LoginPageSteps.iLogInToPersonalAccount()&amp;#27;[0m
16:10:50 INFO  LogUtils.logInfo - Click &apos;One Way&apos; trip
16:10:51 INFO  LogUtils.logInfo - Fill departure airport &apos;Dublin&apos;
16:10:52 INFO  LogUtils.logInfo - Fill destination airport &apos;Manchester&apos;
    &amp;#27;[31mWhen &amp;#27;[0m&amp;#27;[31mI make a search for booking from &apos;&amp;#27;[0m&amp;#27;[31m&amp;#27;[1mDublin&amp;#27;[0m&amp;#27;[31m&apos; to &apos;&amp;#27;[0m&amp;#27;[31m&amp;#27;[1mManchester&amp;#27;[0m&amp;#27;[31m&apos;  for 2 adults&amp;#27;[0m &amp;#27;[90m# FlightsSearchPageSteps.iMakeFlightSearch(String,String)&amp;#27;[0m
      &amp;#27;[31morg.openqa.selenium.NoSuchElementException: no such element: Unable to locate element: {&quot;method&quot;:&quot;xpath&quot;,&quot;selector&quot;:&quot;//div[@data-id=&apos;2021-06-12&apos;]&quot;}
  (Session info: chrome=90.0.4430.212)
  (Driver info: chromedriver=2.40.565498 (ea082db3280dd6843ebfb08a625e3eb905c4f5ab),platform=Windows NT 10.0.19042 x86_64) (WARNING: The server did not provide any stacktrace information)
Command duration or timeout: 0 milliseconds
For documentation on this error, please visit: http://seleniumhq.org/exceptions/no_such_element.html
Build info: version: &apos;3.8.1&apos;, revision: &apos;6e95a6684b&apos;, time: &apos;2017-12-01T18:33:54.468Z&apos;
System info: host: &apos;LAPTOP-M4N4JHAP&apos;, ip: &apos;172.24.0.1&apos;, os.name: &apos;Windows 10&apos;, os.arch: &apos;amd64&apos;, os.version: &apos;10.0&apos;, java.version: &apos;1.8.0_251&apos;
Driver info: org.openqa.selenium.chrome.ChromeDriver
Capabilities {acceptInsecureCerts: false, acceptSslCerts: false, applicationCacheEnabled: false, browserConnectionEnabled: false, browserName: chrome, chrome: {chromedriverVersion: 2.40.565498 (ea082db3280dd6..., userDataDir: C:\Users\navee\AppData\Loca...}, cssSelectorsEnabled: true, databaseEnabled: false, handlesAlerts: true, hasTouchScreen: false, javascriptEnabled: true, locationContextEnabled: true, mobileEmulationEnabled: false, nativeEvents: true, networkConnectionEnabled: false, pageLoadStrategy: normal, platform: XP, platformName: XP, rotatable: false, setWindowRect: true, takesHeapSnapshot: true, takesScreenshot: true, unexpectedAlertBehaviour: , unhandledPromptBehavior: , version: 90.0.4430.212, webStorageEnabled: true}
Session ID: 3156cf39b12d23369aa8d7eb4e58f6f7
*** Element info: {Using=xpath, value=//div[@data-id=&apos;2021-06-12&apos;]}
	at sun.reflect.NativeConstructorAccessorImpl.newInstance0(Native Method)
	at sun.reflect.NativeConstructorAccessorImpl.newInstance(NativeConstructorAccessorImpl.java:62)
	at sun.reflect.DelegatingConstructorAccessorImpl.newInstance(DelegatingConstructorAccessorImpl.java:45)
	at java.lang.reflect.Constructor.newInstance(Constructor.java:423)
	at org.openqa.selenium.remote.ErrorHandler.createThrowable(ErrorHandler.java:214)
	at org.openqa.selenium.remote.ErrorHandler.throwIfResponseFailed(ErrorHandler.java:166)
	at org.openqa.selenium.remote.http.JsonHttpResponseCodec.reconstructValue(JsonHttpResponseCodec.java:40)
	at org.openqa.selenium.remote.http.AbstractHttpResponseCodec.decode(AbstractHttpResponseCodec.java:80)
	at org.openqa.selenium.remote.http.AbstractHttpResponseCodec.decode(AbstractHttpResponseCodec.java:44)
	at org.openqa.selenium.remote.HttpCommandExecutor.execute(HttpCommandExecutor.java:164)
	at org.openqa.selenium.remote.service.DriverCommandExecutor.execute(DriverCommandExecutor.java:83)
	at org.openqa.selenium.remote.RemoteWebDriver.execute(RemoteWebDriver.java:601)
	at org.openqa.selenium.remote.RemoteWebDriver.findElement(RemoteWebDriver.java:371)
	at org.openqa.selenium.remote.RemoteWebDriver.findElementByXPath(RemoteWebDriver.java:473)
	at org.openqa.selenium.By$ByXPath.findElement(By.java:361)
	at org.openqa.selenium.remote.RemoteWebDriver.findElement(RemoteWebDriver.java:363)
	at org.openqa.selenium.support.pagefactory.DefaultElementLocator.findElement(DefaultElementLocator.java:69)
	at org.openqa.selenium.support.pagefactory.internal.LocatingElementHandler.invoke(LocatingElementHandler.java:38)
	at com.sun.proxy.$Proxy16.click(Unknown Source)
	at pages.FlightsSearchPage.fillFlyOutDay(FlightsSearchPage.java:66)
	at steps.FlightsSearchPageSteps.iEnterAirportDetails(FlightsSearchPageSteps.java:27)
	at steps.FlightsSearchPageSteps.iMakeFlightSearch(FlightsSearchPageSteps.java:45)
	at ?.I make a search for booking from &apos;Dublin&apos; to &apos;Manchester&apos;  for 2 adults(src/test/resources/features/flightsBooking.feature:10)
&amp;#27;[0m
    &amp;#27;[36mAnd &amp;#27;[0m&amp;#27;[36mI book available flight&amp;#27;[0m                                                  &amp;#27;[90m# FlightsBookingPageSteps.iBookFlight()&amp;#27;[0m
    &amp;#27;[36mAnd &amp;#27;[0m&amp;#27;[36mI fill in adult passenger details Mr &apos;&amp;#27;[0m&amp;#27;[36m&amp;#27;[1mNaveen&amp;#27;[0m&amp;#27;[36m&apos; and &apos;&amp;#27;[0m&amp;#27;[36m&amp;#27;[1mBanagani&amp;#27;[0m&amp;#27;[36m&apos;&amp;#27;[0m             &amp;#27;[90m# FlightsBookingPageSteps.iFillInAdultPassengerDetails(String,String)&amp;#27;[0m
    &amp;#27;[36mAnd &amp;#27;[0m&amp;#27;[36mI fill in second adult passenger details Mr &apos;&amp;#27;[0m&amp;#27;[36m&amp;#27;[1mRya&amp;#27;[0m&amp;#27;[36m&apos; and &apos;&amp;#27;[0m&amp;#27;[36m&amp;#27;[1mNair&amp;#27;[0m&amp;#27;[36m&apos;&amp;#27;[0m             &amp;#27;[90m# FlightsBookingPageSteps.iFillInSecondAdultPassengerDetails(String,String)&amp;#27;[0m
    &amp;#27;[36mAnd &amp;#27;[0m&amp;#27;[36mI fill in child passenger details &apos;&amp;#27;[0m&amp;#27;[36m&amp;#27;[1mMark&amp;#27;[0m&amp;#27;[36m&apos; and &apos;&amp;#27;[0m&amp;#27;[36m&amp;#27;[1mSmith&amp;#27;[0m&amp;#27;[36m&apos;&amp;#27;[0m                     &amp;#27;[90m# FlightsBookingPageSteps.iFillInChildPassengerDetails(String,String)&amp;#27;[0m
    &amp;#27;[36mAnd &amp;#27;[0m&amp;#27;[36mI select seats for passengers&amp;#27;[0m                                            &amp;#27;[90m# FlightsBookingSeatsSelectionPageSteps.iSelectSeatsForPassengers()&amp;#27;[0m
    &amp;#27;[36mAnd &amp;#27;[0m&amp;#27;[36mI checkout my booking&amp;#27;[0m                                                    &amp;#27;[90m# FlightsBookingExtrasPageSteps.iCheckoutMyBooking()&amp;#27;[0m
    &amp;#27;[36mAnd &amp;#27;[0m&amp;#27;[36mI fill in contact details phone number &apos;&amp;#27;[0m&amp;#27;[36m&amp;#27;[1m678678678&amp;#27;[0m&amp;#27;[36m&apos;&amp;#27;[0m                       &amp;#27;[90m# FlightsBookingPaymentPageSteps.iFillInContactDetails(String)&amp;#27;[0m
    &amp;#27;[36mAnd &amp;#27;[0m&amp;#27;[36mI fill in card details &apos;&amp;#27;[0m&amp;#27;[36m&amp;#27;[1m5555555555555557&amp;#27;[0m&amp;#27;[36m&apos;, &apos;&amp;#27;[0m&amp;#27;[36m&amp;#27;[1m267&amp;#27;[0m&amp;#27;[36m&apos; and &apos;&amp;#27;[0m&amp;#27;[36m&amp;#27;[1mNaveen Banagani&amp;#27;[0m&amp;#27;[36m&apos;&amp;#27;[0m   &amp;#27;[90m# FlightsBookingPaymentPageSteps.iFillInCardDetailsVisaAndJohnSmith(String,String,String)&amp;#27;[0m
    &amp;#27;[36mAnd &amp;#27;[0m&amp;#27;[36mI fill in billing address details &apos;&amp;#27;[0m&amp;#27;[36m&amp;#27;[1m24 Newtons street&amp;#27;[0m&amp;#27;[36m&apos; and city &apos;&amp;#27;[0m&amp;#27;[36m&amp;#27;[1mGalway&amp;#27;[0m&amp;#27;[36m&apos;&amp;#27;[0m  &amp;#27;[90m# FlightsBookingPaymentPageSteps.iFillInBillingAddressDetails(String,String)&amp;#27;[0m
    &amp;#27;[36mAnd &amp;#27;[0m&amp;#27;[36mI pay for booking&amp;#27;[0m                                                        &amp;#27;[90m# FlightsBookingPaymentPageSteps.iPayForBooking()&amp;#27;[0m
    &amp;#27;[36mThen &amp;#27;[0m&amp;#27;[36mI should get payment declined message&amp;#27;[0m                                   &amp;#27;[90m# FlightsBookingPaymentPageSteps.iGetPaymentDeclinedMessage()&amp;#27;[0m
</system-out>
    <system-err>Starting ChromeDriver 2.40.565498 (ea082db3280dd6843ebfb08a625e3eb905c4f5ab) on port 23633
Only local connections are allowed.
[1622646610.631][WARNING]: Timed out connecting to Chrome, retrying...
Jun 02, 2021 4:10:13 PM org.openqa.selenium.remote.ProtocolHandshake createSession
INFO: Detected dialect: OSS
[1622646615.161][WARNING]: Timed out connecting to Chrome, retrying...
</system-err>
  </testcase>
</testsuite>